0 info it worked if it ends with ok
1 verbose cli [ '/home/dhayes/Downloads/node-v4.2.4-linux-x64/bin/node',
1 verbose cli   '/home/dhayes/Downloads/node-v4.2.4-linux-x64/bin/npm',
1 verbose cli   'run',
1 verbose cli   'dist' ]
2 info using npm@2.14.12
3 info using node@v4.2.4
4 verbose run-script [ 'predist', 'dist', 'postdist' ]
5 info predist aframe-proxy-controls@0.5.6
6 info dist aframe-proxy-controls@0.5.6
7 verbose unsafe-perm in lifecycle true
8 info aframe-proxy-controls@0.5.6 Failed to exec dist script
9 verbose stack Error: aframe-proxy-controls@0.5.6 dist: `browserify -t envify browser.js -o dist/aframe-proxy-controls.js && uglifyjs dist/aframe-proxy-controls.js -o dist/aframe-proxy-controls.min.js --compress --mangle --screw-ie8`
9 verbose stack Exit status 1
9 verbose stack     at EventEmitter.<anonymous> (/home/dhayes/Downloads/node-v4.2.4-linux-x64/lib/node_modules/npm/lib/utils/lifecycle.js:214:16)
9 verbose stack     at emitTwo (events.js:87:13)
9 verbose stack     at EventEmitter.emit (events.js:172:7)
9 verbose stack     at ChildProcess.<anonymous> (/home/dhayes/Downloads/node-v4.2.4-linux-x64/lib/node_modules/npm/lib/utils/spawn.js:24:14)
9 verbose stack     at emitTwo (events.js:87:13)
9 verbose stack     at ChildProcess.emit (events.js:172:7)
9 verbose stack     at maybeClose (internal/child_process.js:818:16)
9 verbose stack     at Process.ChildProcess._handle.onexit (internal/child_process.js:211:5)
10 verbose pkgid aframe-proxy-controls@0.5.6
11 verbose cwd /home/dhayes/Desktop/WebVR/aframe-proxy
12 error Linux 3.2.0-90-generic
13 error argv "/home/dhayes/Downloads/node-v4.2.4-linux-x64/bin/node" "/home/dhayes/Downloads/node-v4.2.4-linux-x64/bin/npm" "run" "dist"
14 error node v4.2.4
15 error npm  v2.14.12
16 error code ELIFECYCLE
17 error aframe-proxy-controls@0.5.6 dist: `browserify -t envify browser.js -o dist/aframe-proxy-controls.js && uglifyjs dist/aframe-proxy-controls.js -o dist/aframe-proxy-controls.min.js --compress --mangle --screw-ie8`
17 error Exit status 1
18 error Failed at the aframe-proxy-controls@0.5.6 dist script 'browserify -t envify browser.js -o dist/aframe-proxy-controls.js && uglifyjs dist/aframe-proxy-controls.js -o dist/aframe-proxy-controls.min.js --compress --mangle --screw-ie8'.
18 error This is most likely a problem with the aframe-proxy-controls package,
18 error not with npm itself.
18 error Tell the author that this fails on your system:
18 error     browserify -t envify browser.js -o dist/aframe-proxy-controls.js && uglifyjs dist/aframe-proxy-controls.js -o dist/aframe-proxy-controls.min.js --compress --mangle --screw-ie8
18 error You can get their info via:
18 error     npm owner ls aframe-proxy-controls
18 error There is likely additional logging output above.
19 verbose exit [ 1, true ]
